
   Illuminate\Database\QueryException 

  SQLSTATE[HY000] [2002] Connection refused (SQL: select * from `tl_plugins` where `is_activated` = 1 and `type` = saas)

  at /var/www/tl-commerce-saas/tlcommercesaas/vendor/laravel/framework/src/Illuminate/Database/Connection.php:760
    756▕         // If an exception occurs when attempting to run a query, we'll format the error
    757▕         // message to include the bindings with SQL, which will make this exception a
    758▕         // lot more helpful to the developer instead of just the database's errors.
    759▕         catch (Exception $e) {
  ➜ 760▕             throw new QueryException(
    761▕                 $query, $this->prepareBindings($bindings), $e
    762▕             );
    763▕         }
    764▕     }

  1   [internal]:0
      Illuminate\Foundation\Application::Illuminate\Foundation\{closure}()

      [2m+22 vendor frames [22m
  24  /var/www/tl-commerce-saas/tlcommercesaas/Core/Helpers/Plugin.php:46
      Illuminate\Database\Eloquent\Builder::get()

   Illuminate\Database\QueryException 

  SQLSTATE[HY000] [2002] Connection refused (SQL: select * from `tl_plugins` where `is_activated` = 1 and `type` = saas)

  at /var/www/tl-commerce-saas/tlcommercesaas/vendor/laravel/framework/src/Illuminate/Database/Connection.php:760
    756▕         // If an exception occurs when attempting to run a query, we'll format the error
    757▕         // message to include the bindings with SQL, which will make this exception a
    758▕         // lot more helpful to the developer instead of just the database's errors.
    759▕         catch (Exception $e) {
  ➜ 760▕             throw new QueryException(
    761▕                 $query, $this->prepareBindings($bindings), $e
    762▕             );
    763▕         }
    764▕     }

  1   [internal]:0
      Illuminate\Foundation\Application::Illuminate\Foundation\{closure}()

      [2m+22 vendor frames [22m
  24  /var/www/tl-commerce-saas/tlcommercesaas/Core/Helpers/Plugin.php:46
      Illuminate\Database\Eloquent\Builder::get()
  2025-08-01 22:13:21 Plugin\Saas\Mail\CommonSaasEmail  2025-08-01 22:13:21 App\Jobs\TenantDatabaseMonitoringJob ........... RUNNING
 ............... RUNNING
  2025-08-01 22:13:21 Plugin\Saas\Mail\CommonSaasEmail .......... 32.03ms FAIL
  2025-08-01 22:13:21 Plugin\Saas\Mail\CommonSaasEmail ............... RUNNING
  2025-08-01 22:13:21 App\Jobs\TenantDatabaseMonitoringJob ...... 41.16ms DONE
  2025-08-01 22:13:21 Plugin\Saas\Mail\CommonSaasEmail ............... RUNNING
  2025-08-01 22:13:21 Plugin\Saas\Mail\CommonSaasEmail ........... 8.35ms FAIL
  2025-08-01 22:13:21 Plugin\Saas\Mail\CommonSaasEmail ............... RUNNING
  2025-08-01 22:13:21 Plugin\Saas\Mail\CommonSaasEmail ........... 6.23ms FAIL
  2025-08-01 22:13:21 Plugin\Saas\Mail\CommonSaasEmail ............... RUNNING
  2025-08-01 22:13:21 Plugin\Saas\Mail\CommonSaasEmail .......... 19.75ms FAIL
  2025-08-01 22:13:21 Plugin\Saas\Mail\CommonSaasEmail ........... 7.30ms FAIL
  2025-08-01 22:13:21 Plugin\Saas\Mail\CommonSaasEmail ............... RUNNING
  2025-08-01 22:13:21 Plugin\Saas\Mail\CommonSaasEmail ........... 6.17ms FAIL
  2025-08-01 22:29:12 Plugin\Saas\Mail\CommonSaasEmail  2025-08-01 22:29:12 Plugin\Saas\Mail\CommonSaasEmail ............... RUNNING
 ............... RUNNING
  2025-08-01 22:29:12 Plugin\Saas\Mail\CommonSaasEmail .......... 12.60ms FAIL
  2025-08-01 22:29:12 Plugin\Saas\Mail\CommonSaasEmail .......... 15.93ms FAIL
  2025-08-01 22:29:12 Plugin\Saas\Mail\CommonSaasEmail ............... RUNNING
  2025-08-01 22:29:12 Plugin\Saas\Mail\CommonSaasEmail ............... RUNNING
  2025-08-01 22:29:12 Plugin\Saas\Mail\CommonSaasEmail ........... 6.98ms FAIL
  2025-08-01 22:29:12 Plugin\Saas\Mail\CommonSaasEmail ............... RUNNING
  2025-08-01 22:29:12 Plugin\Saas\Mail\CommonSaasEmail ........... 9.32ms FAIL
  2025-08-01 22:29:12 Plugin\Saas\Mail\CommonSaasEmail ........... 7.00ms FAIL
  2025-08-01 22:29:12 Plugin\Saas\Mail\CommonSaasEmail ............... RUNNING
  2025-08-01 22:29:12 Plugin\Saas\Mail\CommonSaasEmail ........... 6.49ms FAIL
  2025-08-01 22:29:27 App\Jobs\TenantDatabaseMonitoringJob ........... RUNNING
  2025-08-01 22:29:27 App\Jobs\TenantDatabaseMonitoringJob ...... 40.96ms DONE
  2025-08-02 13:02:26 Plugin\Saas\Mail\CommonSaasEmail ............... RUNNING
  2025-08-02 13:02:26 Plugin\Saas\Mail\CommonSaasEmail .......... 88.75ms FAIL
  2025-08-02 13:02:26 Plugin\Saas\Mail\CommonSaasEmail ............... RUNNING
  2025-08-02 13:02:26 Plugin\Saas\Mail\CommonSaasEmail ........... 6.80ms FAIL
  2025-08-02 13:02:26 Plugin\Saas\Mail\CommonSaasEmail ............... RUNNING
  2025-08-02 13:02:26 Plugin\Saas\Mail\CommonSaasEmail ........... 6.44ms FAIL
  2025-08-02 13:27:42 Plugin\Saas\Mail\CommonSaasEmail ............... RUNNING
  2025-08-02 13:27:42 Plugin\Saas\Mail\CommonSaasEmail ............... RUNNING
  2025-08-02 13:27:42 Plugin\Saas\Mail\CommonSaasEmail .......... 13.51ms FAIL
  2025-08-02 13:27:42 Plugin\Saas\Mail\CommonSaasEmail ......... 109.95ms FAIL
  2025-08-02 13:27:42 Plugin\Saas\Mail\CommonSaasEmail ............... RUNNING
  2025-08-02 13:27:42 Plugin\Saas\Mail\CommonSaasEmail ........... 9.84ms FAIL
  2025-08-02 13:27:42 Plugin\Saas\Mail\CommonSaasEmail ............... RUNNING
  2025-08-02 13:27:42 Plugin\Saas\Mail\CommonSaasEmail ............... RUNNING
  2025-08-02 13:27:42 Plugin\Saas\Mail\CommonSaasEmail ........... 9.37ms FAIL
  2025-08-02 13:27:42 Plugin\Saas\Mail\CommonSaasEmail ...............  2025-08-02 13:27:42 Plugin\Saas\Mail\CommonSaasEmail ........... 9.25ms FAIL
 RUNNING
  2025-08-02 13:27:42 Plugin\Saas\Mail\CommonSaasEmail ........... 8.11ms FAIL
  2025-08-02 13:28:00 App\Jobs\TenantDatabaseMonitoringJob ........... RUNNING
  2025-08-02 13:28:00 App\Jobs\TenantDatabaseMonitoringJob ...... 65.99ms DONE
  2025-08-02 13:28:54 Plugin\Saas\Mail\CommonSaasEmail ............... RUNNING
  2025-08-02 13:28:54 Plugin\Saas\Mail\CommonSaasEmail ........... 8.22ms FAIL
  2025-08-02 13:28:54 Plugin\Saas\Mail\CommonSaasEmail ............... RUNNING
  2025-08-02 13:28:54 Plugin\Saas\Mail\CommonSaasEmail ........... 5.95ms FAIL
  2025-08-02 13:28:54 Plugin\Saas\Mail\CommonSaasEmail ............... RUNNING
  2025-08-02 13:28:54 Plugin\Saas\Mail\CommonSaasEmail ........... 5.89ms FAIL
  2025-08-02 13:29:45 Plugin\Saas\Mail\CommonSaasEmail ............... RUNNING
  2025-08-02 13:29:45 Plugin\Saas\Mail\CommonSaasEmail ........... 7.29ms FAIL
  2025-08-02 13:29:45 Plugin\Saas\Mail\CommonSaasEmail ............... RUNNING
  2025-08-02 13:29:45 Plugin\Saas\Mail\CommonSaasEmail ........... 6.21ms FAIL
  2025-08-02 13:29:45 Plugin\Saas\Mail\CommonSaasEmail ............... RUNNING
  2025-08-02 13:29:45 Plugin\Saas\Mail\CommonSaasEmail ........... 6.08ms FAIL
  2025-08-02 13:29:45 Plugin\Saas\Mail\CommonSaasEmail ............... RUNNING
  2025-08-02 13:29:45 Plugin\Saas\Mail\CommonSaasEmail ............... RUNNING
  2025-08-02 13:29:45 Plugin\Saas\Mail\CommonSaasEmail ........... 8.72ms FAIL
  2025-08-02 13:29:45 Plugin\Saas\Mail\CommonSaasEmail ........... 7.28ms FAIL
  2025-08-02 13:29:45 Plugin\Saas\Mail\CommonSaasEmail ............... RUNNING
  2025-08-02 13:29:45 Plugin\Saas\Mail\CommonSaasEmail ........... 5.89ms FAIL
  2025-08-02 13:30:04 App\Jobs\TenantDatabaseMonitoringJob ........... RUNNING
  2025-08-02 13:30:04 App\Jobs\TenantDatabaseMonitoringJob ...... 35.93ms DONE
  2025-08-02 13:33:46 App\Jobs\TenantDatabaseMonitoringJob ........... RUNNING
  2025-08-02 13:33:46 Plugin\Saas\Mail\CommonSaasEmail ............... RUNNING
  2025-08-02 13:33:46 App\Jobs\TenantDatabaseMonitoringJob ...... 26.77ms DONE
  2025-08-02 13:33:46 Plugin\Saas\Mail\CommonSaasEmail ............... RUNNING
  2025-08-02 13:33:46 Plugin\Saas\Mail\CommonSaasEmail ........... 8.78ms FAIL
  2025-08-02 13:33:46 Plugin\Saas\Mail\CommonSaasEmail ............... RUNNING
  2025-08-02 13:33:46 Plugin\Saas\Mail\CommonSaasEmail ........... 8.52ms FAIL
  2025-08-02 13:33:46 Plugin\Saas\Mail\CommonSaasEmail ............... RUNNING
  2025-08-02 13:33:46 Plugin\Saas\Mail\CommonSaasEmail ........... 6.73ms FAIL
  2025-08-02 13:33:46 Plugin\Saas\Mail\CommonSaasEmail ............... RUNNING
  2025-08-02 13:33:46 Plugin\Saas\Mail\CommonSaasEmail ........... 6.34ms FAIL
  2025-08-02 13:33:46 Plugin\Saas\Mail\CommonSaasEmail ............... RUNNING
  2025-08-02 13:33:46 Plugin\Saas\Mail\CommonSaasEmail ........... 7.90ms FAIL
  2025-08-02 13:33:46 Plugin\Saas\Mail\CommonSaasEmail ........... 5.83ms FAIL
  2025-08-02 14:33:33 Core\Mail\EmailPasswordResetLink ............... RUNNING
  2025-08-02 14:33:33 Core\Mail\EmailPasswordResetLink .......... 31.03ms FAIL
  2025-08-02 14:33:33 Core\Mail\EmailPasswordResetLink ............... RUNNING
  2025-08-02 14:33:33 Core\Mail\EmailPasswordResetLink ........... 5.81ms FAIL
  2025-08-02 14:33:33 Core\Mail\EmailPasswordResetLink ............... RUNNING
  2025-08-02 14:33:33 Core\Mail\EmailPasswordResetLink ........... 5.11ms FAIL
  2025-08-02 21:04:48 Plugin\Saas\Mail\CommonSaasEmail ............... RUNNING
  2025-08-02 21:04:48 Plugin\Saas\Mail\CommonSaasEmail .......... 13.74ms FAIL
  2025-08-02 21:04:48 Plugin\Saas\Mail\CommonSaasEmail ............... RUNNING
  2025-08-02 21:04:48 Plugin\Saas\Mail\CommonSaasEmail ........... 6.29ms FAIL
  2025-08-02 21:04:48 Plugin\Saas\Mail\CommonSaasEmail ............... RUNNING
  2025-08-02 21:04:48 Plugin\Saas\Mail\CommonSaasEmail ........... 5.99ms FAIL

   Illuminate\Database\QueryException 

  SQLSTATE[HY000] [2002] Connection refused (SQL: select * from `tl_plugins` where `is_activated` = 1 and `type` = saas)

  at /var/www/tl-commerce-saas/tlcommercesaas/vendor/laravel/framework/src/Illuminate/Database/Connection.php:760
    756▕         // If an exception occurs when attempting to run a query, we'll format the error
    757▕         // message to include the bindings with SQL, which will make this exception a
    758▕         // lot more helpful to the developer instead of just the database's errors.
    759▕         catch (Exception $e) {
  ➜ 760▕             throw new QueryException(
    761▕                 $query, $this->prepareBindings($bindings), $e
    762▕             );
    763▕         }
    764▕     }

  1   [internal]:0
      Illuminate\Foundation\Application::Illuminate\Foundation\{closure}()

      [2m+22 vendor frames [22m
  24  /var/www/tl-commerce-saas/tlcommercesaas/Core/Helpers/Plugin.php:46
      Illuminate\Database\Eloquent\Builder::get()

   Illuminate\Database\QueryException 

  SQLSTATE[HY000] [2002] Connection refused (SQL: select * from `tl_plugins` where `is_activated` = 1 and `type` = saas)

  at /var/www/tl-commerce-saas/tlcommercesaas/vendor/laravel/framework/src/Illuminate/Database/Connection.php:760
    756▕         // If an exception occurs when attempting to run a query, we'll format the error
    757▕         // message to include the bindings with SQL, which will make this exception a
    758▕         // lot more helpful to the developer instead of just the database's errors.
    759▕         catch (Exception $e) {
  ➜ 760▕             throw new QueryException(
    761▕                 $query, $this->prepareBindings($bindings), $e
    762▕             );
    763▕         }
    764▕     }

  1   [internal]:0
      Illuminate\Foundation\Application::Illuminate\Foundation\{closure}()

      [2m+22 vendor frames [22m
  24  /var/www/tl-commerce-saas/tlcommercesaas/Core/Helpers/Plugin.php:46
      Illuminate\Database\Eloquent\Builder::get()

   Illuminate\Database\QueryException 

  SQLSTATE[HY000] [2002] Connection refused (SQL: select * from `tl_plugins` where `is_activated` = 1 and `type` = saas)

  at /var/www/tl-commerce-saas/tlcommercesaas/vendor/laravel/framework/src/Illuminate/Database/Connection.php:760
    756▕         // If an exception occurs when attempting to run a query, we'll format the error
    757▕         // message to include the bindings with SQL, which will make this exception a
    758▕         // lot more helpful to the developer instead of just the database's errors.
    759▕         catch (Exception $e) {
  ➜ 760▕             throw new QueryException(
    761▕                 $query, $this->prepareBindings($bindings), $e
    762▕             );
    763▕         }
    764▕     }

  1   [internal]:0
      Illuminate\Foundation\Application::Illuminate\Foundation\{closure}()

      [2m+22 vendor frames [22m
  24  /var/www/tl-commerce-saas/tlcommercesaas/Core/Helpers/Plugin.php:46
      Illuminate\Database\Eloquent\Builder::get()

   Illuminate\Database\QueryException 

  SQLSTATE[HY000] [2002] Connection refused (SQL: select * from `tl_plugins` where `is_activated` = 1 and `type` = saas)

  at /var/www/tl-commerce-saas/tlcommercesaas/vendor/laravel/framework/src/Illuminate/Database/Connection.php:760
    756▕         // If an exception occurs when attempting to run a query, we'll format the error
    757▕         // message to include the bindings with SQL, which will make this exception a
    758▕         // lot more helpful to the developer instead of just the database's errors.
    759▕         catch (Exception $e) {
  ➜ 760▕             throw new QueryException(
    761▕                 $query, $this->prepareBindings($bindings), $e
    762▕             );
    763▕         }
    764▕     }

  1   [internal]:0
      Illuminate\Foundation\Application::Illuminate\Foundation\{closure}()

      [2m+22 vendor frames [22m
  24  /var/www/tl-commerce-saas/tlcommercesaas/Core/Helpers/Plugin.php:46
      Illuminate\Database\Eloquent\Builder::get()

   Illuminate\Database\QueryException 

  SQLSTATE[HY000] [2002] Connection refused (SQL: select * from `tl_plugins` where `is_activated` = 1 and `type` = saas)

  at /var/www/tl-commerce-saas/tlcommercesaas/vendor/laravel/framework/src/Illuminate/Database/Connection.php:760
    756▕         // If an exception occurs when attempting to run a query, we'll format the error
    757▕         // message to include the bindings with SQL, which will make this exception a
    758▕         // lot more helpful to the developer instead of just the database's errors.
    759▕         catch (Exception $e) {
  ➜ 760▕             throw new QueryException(
    761▕                 $query, $this->prepareBindings($bindings), $e
    762▕             );
    763▕         }
    764▕     }

  1   [internal]:0
      Illuminate\Foundation\Application::Illuminate\Foundation\{closure}()

      [2m+22 vendor frames [22m
  24  /var/www/tl-commerce-saas/tlcommercesaas/Core/Helpers/Plugin.php:46
      Illuminate\Database\Eloquent\Builder::get()

   Illuminate\Database\QueryException 

  SQLSTATE[HY000] [2002] Connection refused (SQL: select * from `tl_plugins` where `is_activated` = 1 and `type` = saas)

  at /var/www/tl-commerce-saas/tlcommercesaas/vendor/laravel/framework/src/Illuminate/Database/Connection.php:760
    756▕         // If an exception occurs when attempting to run a query, we'll format the error
    757▕         // message to include the bindings with SQL, which will make this exception a
    758▕         // lot more helpful to the developer instead of just the database's errors.
    759▕         catch (Exception $e) {
  ➜ 760▕             throw new QueryException(
    761▕                 $query, $this->prepareBindings($bindings), $e
    762▕             );
    763▕         }
    764▕     }

  1   [internal]:0
      Illuminate\Foundation\Application::Illuminate\Foundation\{closure}()

      [2m+22 vendor frames [22m
  24  /var/www/tl-commerce-saas/tlcommercesaas/Core/Helpers/Plugin.php:46
      Illuminate\Database\Eloquent\Builder::get()
  2025-08-07 21:45:13 Theme\Default\Mail\ContactEmail ................ RUNNING
  2025-08-07 21:45:13 Theme\Default\Mail\ContactEmail ........... 45.96ms FAIL
  2025-08-07 21:45:13 Theme\Default\Mail\ContactEmail ................ RUNNING
  2025-08-07 21:45:13 Theme\Default\Mail\ContactEmail ............ 5.06ms FAIL
  2025-08-07 21:45:13 Theme\Default\Mail\ContactEmail ................ RUNNING
  2025-08-07 21:45:13 Theme\Default\Mail\ContactEmail ............ 4.31ms FAIL

   Illuminate\Database\QueryException 

  SQLSTATE[HY000] [2002] Connection refused (SQL: select * from `tl_plugins` where `is_activated` = 1 and `type` = saas)

  at /var/www/tl-commerce-saas/tlcommercesaas/vendor/laravel/framework/src/Illuminate/Database/Connection.php:760

   Illuminate\Database\QueryException 

  SQLSTATE[HY000] [2002] Connection refused (SQL: select * from `tl_plugins` where `is_activated` = 1 and `type` = saas)

  at /var/www/tl-commerce-saas/tlcommercesaas/vendor/laravel/framework/src/Illuminate/Database/Connection.php:760
    756▕         // If an exception occurs when attempting to run a query, we'll format the error
    757▕         // message to include the bindings with SQL, which will make this exception a
    758▕         // lot more helpful to the developer instead of just the database's errors.
    759▕         catch (Exception $e) {
  ➜ 760▕             throw new QueryException(
    761▕                 $query, $this->prepareBindings($bindings), $e
    762▕             );
    763▕         }
    764▕     }

  1   [internal]:0
      Illuminate\Foundation\Application::Illuminate\Foundation\{closure}()

      [2m+22 vendor frames [22m
  24  /var/www/tl-commerce-saas/tlcommercesaas/Core/Helpers/Plugin.php:46
      Illuminate\Database\Eloquent\Builder::get()
    756▕         // If an exception occurs when attempting to run a query, we'll format the error
    757▕         // message to include the bindings with SQL, which will make this exception a
    758▕         // lot more helpful to the developer instead of just the database's errors.
    759▕         catch (Exception $e) {
  ➜ 760▕             throw new QueryException(
    761▕                 $query, $this->prepareBindings($bindings), $e
    762▕             );
    763▕         }
    764▕     }

  1   [internal]:0
      Illuminate\Foundation\Application::Illuminate\Foundation\{closure}()

      [2m+22 vendor frames [22m
  24  /var/www/tl-commerce-saas/tlcommercesaas/Core/Helpers/Plugin.php:46
      Illuminate\Database\Eloquent\Builder::get()

   Illuminate\Database\QueryException 

  SQLSTATE[HY000] [2002] Connection refused (SQL: select * from `tl_plugins` where `is_activated` = 1 and `type` = saas)

  at /var/www/tl-commerce-saas/tlcommercesaas/vendor/laravel/framework/src/Illuminate/Database/Connection.php:760

   Illuminate\Database\QueryException 

  SQLSTATE[HY000] [2002] Connection refused (SQL: select * from `tl_plugins` where `is_activated` = 1 and `type` = saas)

  at /var/www/tl-commerce-saas/tlcommercesaas/vendor/laravel/framework/src/Illuminate/Database/Connection.php:760
    756▕         // If an exception occurs when attempting to run a query, we'll format the error
    757▕         // message to include the bindings with SQL, which will make this exception a
    758▕         // lot more helpful to the developer instead of just the database's errors.
    759▕         catch (Exception $e) {
  ➜ 760▕             throw new QueryException(
    761▕                 $query, $this->prepareBindings($bindings), $e
    762▕             );
    763▕         }
    764▕     }

  1   [internal]:0
      Illuminate\Foundation\Application::Illuminate\Foundation\{closure}()

      [2m+22 vendor frames [22m
  24  /var/www/tl-commerce-saas/tlcommercesaas/Core/Helpers/Plugin.php:46
      Illuminate\Database\Eloquent\Builder::get()
    756▕         // If an exception occurs when attempting to run a query, we'll format the error
    757▕         // message to include the bindings with SQL, which will make this exception a
    758▕         // lot more helpful to the developer instead of just the database's errors.
    759▕         catch (Exception $e) {
  ➜ 760▕             throw new QueryException(
    761▕                 $query, $this->prepareBindings($bindings), $e
    762▕             );
    763▕         }
    764▕     }

  1   [internal]:0
      Illuminate\Foundation\Application::Illuminate\Foundation\{closure}()

      [2m+22 vendor frames [22m
  24  /var/www/tl-commerce-saas/tlcommercesaas/Core/Helpers/Plugin.php:46
      Illuminate\Database\Eloquent\Builder::get()
  2025-08-09 14:11:04 Plugin\Saas\Mail\CommonSaasEmail ............... RUNNING
  2025-08-09 14:11:04 Plugin\Saas\Mail\CommonSaasEmail ............... RUNNING
  2025-08-09 14:11:04 Plugin\Saas\Mail\CommonSaasEmail .......... 23.41ms FAIL
  2025-08-09 14:11:04 Plugin\Saas\Mail\CommonSaasEmail ............... RUNNING
  2025-08-09 14:11:04 Plugin\Saas\Mail\CommonSaasEmail ........... 6.90ms FAIL
  2025-08-09 14:11:04 Plugin\Saas\Mail\CommonSaasEmail ............... RUNNING
  2025-08-09 14:11:04 Plugin\Saas\Mail\CommonSaasEmail .......... 25.90ms FAIL
  2025-08-09 14:11:04 Plugin\Saas\Mail\CommonSaasEmail ........... 6.74ms FAIL
  2025-08-09 14:11:04 Plugin\Saas\Mail\CommonSaasEmail ............... RUNNING
  2025-08-09 14:11:04 Plugin\Saas\Mail\CommonSaasEmail ........... 7.63ms FAIL
  2025-08-09 14:11:04 Plugin\Saas\Mail\CommonSaasEmail ............... RUNNING
  2025-08-09 14:11:04 Plugin\Saas\Mail\CommonSaasEmail ........... 6.00ms FAIL

   Illuminate\Database\QueryException 

  SQLSTATE[HY000] [2002] Connection refused (SQL: select * from `tl_plugins` where `is_activated` = 1 and `type` = saas)

  at /var/www/tl-commerce-saas/tlcommercesaas/vendor/laravel/framework/src/Illuminate/Database/Connection.php:760

   Illuminate\Database\QueryException 

  SQLSTATE[HY000] [2002] Connection refused (SQL: select * from `tl_plugins` where `is_activated` = 1 and `type` = saas)

  at /var/www/tl-commerce-saas/tlcommercesaas/vendor/laravel/framework/src/Illuminate/Database/Connection.php:760
    756▕         // If an exception occurs when attempting to run a query, we'll format the error
    757▕         // message to include the bindings with SQL, which will make this exception a
    758▕         // lot more helpful to the developer instead of just the database's errors.
    759▕         catch (Exception $e) {
  ➜ 760▕             throw new QueryException(
    761▕                 $query, $this->prepareBindings($bindings), $e
    762▕             );
    763▕         }
    764▕     }
    756▕         // If an exception occurs when attempting to run a query, we'll format the error
    757▕         // message to include the bindings with SQL, which will make this exception a
    758▕         // lot more helpful to the developer instead of just the database's errors.
    759▕         catch (Exception $e) {
  ➜ 760▕             throw new QueryException(
    761▕                 $query, $this->prepareBindings($bindings), $e
    762▕             );
    763▕         }
    764▕     }

  1   [internal]:0

  1   [internal]:0
      Illuminate\Foundation\Application::Illuminate\Foundation\{closure}()
      Illuminate\Foundation\Application::Illuminate\Foundation\{closure}()

      [2m+22 vendor frames [22m
  24  /var/www/tl-commerce-saas/tlcommercesaas/Core/Helpers/Plugin.php:46
      Illuminate\Database\Eloquent\Builder::get()

      [2m+22 vendor frames [22m
  24  /var/www/tl-commerce-saas/tlcommercesaas/Core/Helpers/Plugin.php:46
      Illuminate\Database\Eloquent\Builder::get()

   Illuminate\Database\QueryException 

  SQLSTATE[HY000] [2002] Connection refused (SQL: select * from `tl_plugins` where `is_activated` = 1 and `type` = saas)

  at /var/www/tl-commerce-saas/tlcommercesaas/vendor/laravel/framework/src/Illuminate/Database/Connection.php:760
    756▕         // If an exception occurs when attempting to run a query, we'll format the error
    757▕         // message to include the bindings with SQL, which will make this exception a
    758▕         // lot more helpful to the developer instead of just the database's errors.
    759▕         catch (Exception $e) {
  ➜ 760▕             throw new QueryException(
    761▕                 $query, $this->prepareBindings($bindings), $e
    762▕             );
    763▕         }
    764▕     }

  1   [internal]:0
      Illuminate\Foundation\Application::Illuminate\Foundation\{closure}()

      [2m+22 vendor frames [22m
  24  /var/www/tl-commerce-saas/tlcommercesaas/Core/Helpers/Plugin.php:46
      Illuminate\Database\Eloquent\Builder::get()

   Illuminate\Database\QueryException 

  SQLSTATE[HY000] [2002] Connection refused (SQL: select * from `tl_plugins` where `is_activated` = 1 and `type` = saas)

  at /var/www/tl-commerce-saas/tlcommercesaas/vendor/laravel/framework/src/Illuminate/Database/Connection.php:760
    756▕         // If an exception occurs when attempting to run a query, we'll format the error
    757▕         // message to include the bindings with SQL, which will make this exception a
    758▕         // lot more helpful to the developer instead of just the database's errors.
    759▕         catch (Exception $e) {
  ➜ 760▕             throw new QueryException(
    761▕                 $query, $this->prepareBindings($bindings), $e
    762▕             );
    763▕         }
    764▕     }

  1   [internal]:0
      Illuminate\Foundation\Application::Illuminate\Foundation\{closure}()

      [2m+22 vendor frames [22m
  24  /var/www/tl-commerce-saas/tlcommercesaas/Core/Helpers/Plugin.php:46
      Illuminate\Database\Eloquent\Builder::get()

   Illuminate\Database\QueryException 

  SQLSTATE[HY000] [2002] Connection refused (SQL: select * from `tl_plugins` where `is_activated` = 1 and `type` = saas)

  at /var/www/tl-commerce-saas/tlcommercesaas/vendor/laravel/framework/src/Illuminate/Database/Connection.php:760
    756▕         // If an exception occurs when attempting to run a query, we'll format the error
    757▕         // message to include the bindings with SQL, which will make this exception a
    758▕         // lot more helpful to the developer instead of just the database's errors.
    759▕         catch (Exception $e) {
  ➜ 760▕             throw new QueryException(
    761▕                 $query, $this->prepareBindings($bindings), $e
    762▕             );
    763▕         }
    764▕     }

  1   [internal]:0
      Illuminate\Foundation\Application::Illuminate\Foundation\{closure}()

      [2m+22 vendor frames [22m
  24  /var/www/tl-commerce-saas/tlcommercesaas/Core/Helpers/Plugin.php:46
      Illuminate\Database\Eloquent\Builder::get()

   Illuminate\Database\QueryException 

  SQLSTATE[HY000] [2002] Connection refused (SQL: select * from `tl_plugins` where `is_activated` = 1 and `type` = saas)

  at /var/www/tl-commerce-saas/tlcommercesaas/vendor/laravel/framework/src/Illuminate/Database/Connection.php:760
    756▕         // If an exception occurs when attempting to run a query, we'll format the error
    757▕         // message to include the bindings with SQL, which will make this exception a
    758▕         // lot more helpful to the developer instead of just the database's errors.
    759▕         catch (Exception $e) {
  ➜ 760▕             throw new QueryException(
    761▕                 $query, $this->prepareBindings($bindings), $e
    762▕             );
    763▕         }
    764▕     }

  1   [internal]:0
      Illuminate\Foundation\Application::Illuminate\Foundation\{closure}()

      [2m+22 vendor frames [22m
  24  /var/www/tl-commerce-saas/tlcommercesaas/Core/Helpers/Plugin.php:46
      Illuminate\Database\Eloquent\Builder::get()

   Illuminate\Database\QueryException 

  SQLSTATE[HY000] [2002] Connection refused (SQL: select * from `tl_plugins` where `is_activated` = 1 and `type` = saas)

   Illuminate\Database\QueryException 

  SQLSTATE[HY000] [2002] Connection refused (SQL: select * from `tl_plugins` where `is_activated` = 1 and `type` = saas)

  at /var/www/tl-commerce-saas/tlcommercesaas/vendor/laravel/framework/src/Illuminate/Database/Connection.php:760

  at /var/www/tl-commerce-saas/tlcommercesaas/vendor/laravel/framework/src/Illuminate/Database/Connection.php:760
    756▕         // If an exception occurs when attempting to run a query, we'll format the error
    757▕         // message to include the bindings with SQL, which will make this exception a
    758▕         // lot more helpful to the developer instead of just the database's errors.
    759▕         catch (Exception $e) {
  ➜ 760▕             throw new QueryException(
    761▕                 $query, $this->prepareBindings($bindings), $e
    762▕             );
    763▕         }
    764▕     }
    756▕         // If an exception occurs when attempting to run a query, we'll format the error
    757▕         // message to include the bindings with SQL, which will make this exception a
    758▕         // lot more helpful to the developer instead of just the database's errors.
    759▕         catch (Exception $e) {
  ➜ 760▕             throw new QueryException(
    761▕                 $query, $this->prepareBindings($bindings), $e
    762▕             );
    763▕         }
    764▕     }

  1   [internal]:0
      Illuminate\Foundation\Application::Illuminate\Foundation\{closure}()

      [2m+22 vendor frames [22m
  24  /var/www/tl-commerce-saas/tlcommercesaas/Core/Helpers/Plugin.php:46
      Illuminate\Database\Eloquent\Builder::get()

  1   [internal]:0
      Illuminate\Foundation\Application::Illuminate\Foundation\{closure}()

      [2m+22 vendor frames [22m
  24  /var/www/tl-commerce-saas/tlcommercesaas/Core/Helpers/Plugin.php:46
      Illuminate\Database\Eloquent\Builder::get()
  2025-08-10 15:09:48 Plugin\Saas\Mail\CommonSaasEmail ............... RUNNING
  2025-08-10 15:09:51 Plugin\Saas\Mail\CommonSaasEmail ....... 3,259.72ms DONE
  2025-08-10 15:11:33 Plugin\Saas\Mail\CommonSaasEmail ............... RUNNING
  2025-08-10 15:11:33 Plugin\Saas\Mail\CommonSaasEmail ............... RUNNING
  2025-08-10 15:11:34 Plugin\Saas\Mail\CommonSaasEmail ....... 1,189.50ms DONE
  2025-08-10 15:11:35 Plugin\Saas\Mail\CommonSaasEmail ....... 1,967.07ms DONE
  2025-08-10 15:11:52 App\Jobs\TenantDatabaseMonitoringJob ........... RUNNING
  2025-08-10 15:11:52 App\Jobs\TenantDatabaseMonitoringJob ...... 56.58ms DONE
  2025-08-11 14:03:07 Plugin\Saas\Mail\CommonSaasEmail ............... RUNNING
  2025-08-11 14:03:10 Plugin\Saas\Mail\CommonSaasEmail ....... 3,063.60ms DONE
  2025-08-11 14:11:37 Plugin\Saas\Mail\CommonSaasEmail ............... RUNNING
  2025-08-11 14:11:37 Plugin\Saas\Mail\CommonSaasEmail ............... RUNNING
  2025-08-11 14:11:40 Plugin\Saas\Mail\CommonSaasEmail ....... 2,369.65ms DONE
  2025-08-11 14:11:40 Plugin\Saas\Mail\CommonSaasEmail ....... 2,435.00ms DONE
  2025-08-11 14:11:58 App\Jobs\TenantDatabaseMonitoringJob ........... RUNNING
  2025-08-11 14:11:58 App\Jobs\TenantDatabaseMonitoringJob ...... 73.65ms DONE
  2025-08-11 20:23:39 App\Jobs\TenantDatabaseMonitoringJob ........... RUNNING
  2025-08-11 20:23:39 App\Jobs\TenantDatabaseMonitoringJob ........... RUNNING
  2025-08-11 20:23:39 App\Jobs\TenantDatabaseMonitoringJob ...... 41.27ms DONE
  2025-08-11 20:23:39 App\Jobs\TenantDatabaseMonitoringJob ........... RUNNING
  2025-08-11 20:23:39 App\Jobs\TenantDatabaseMonitoringJob ...... 17.24ms DONE
  2025-08-11 20:23:39 App\Jobs\TenantDatabaseMonitoringJob ..... 124.78ms DONE
  2025-08-11 20:24:18 App\Jobs\TenantDatabaseMonitoringJob ........... RUNNING
  2025-08-11 20:24:18 App\Jobs\TenantDatabaseMonitoringJob ...... 44.36ms DONE
  2025-08-11 20:24:18 App\Jobs\TenantDatabaseMonitoringJob ........... RUNNING
  2025-08-11 20:24:18 App\Jobs\TenantDatabaseMonitoringJob ........... RUNNING
  2025-08-11 20:24:18 App\Jobs\TenantDatabaseMonitoringJob ...... 29.90ms DONE
  2025-08-11 20:24:18 App\Jobs\TenantDatabaseMonitoringJob ........... RUNNING
  2025-08-11 20:24:18 App\Jobs\TenantDatabaseMonitoringJob ...... 50.99ms DONE
  2025-08-11 20:24:18 App\Jobs\TenantDatabaseMonitoringJob ...... 38.53ms DONE
  2025-08-12 10:34:07 Plugin\Saas\Mail\CommonSaasEmail ............... RUNNING
  2025-08-12 10:34:11 Plugin\Saas\Mail\CommonSaasEmail ....... 3,323.09ms DONE
  2025-08-12 11:52:19 Plugin\Saas\Mail\CommonSaasEmail ............... RUNNING
  2025-08-12 11:52:19 Plugin\Saas\Mail\CommonSaasEmail ............... RUNNING
  2025-08-12 11:52:22 Plugin\Saas\Mail\CommonSaasEmail ....... 2,974.66ms DONE
  2025-08-12 11:52:22 Plugin\Saas\Mail\CommonSaasEmail ....... 2,769.45ms DONE
  2025-08-12 11:58:10 Plugin\Saas\Mail\CommonSaasEmail ............... RUNNING
  2025-08-12 11:58:10 Plugin\Saas\Mail\CommonSaasEmail ............... RUNNING
  2025-08-12 11:58:12 Plugin\Saas\Mail\CommonSaasEmail ....... 2,294.43ms DONE
  2025-08-12 11:58:12 Plugin\Saas\Mail\CommonSaasEmail ....... 2,364.49ms DONE
  2025-08-12 11:58:30 App\Jobs\TenantDatabaseMonitoringJob ........... RUNNING
  2025-08-12 11:58:30 App\Jobs\TenantDatabaseMonitoringJob ...... 83.56ms DONE
  2025-08-12 12:04:36 Plugin\Saas\Mail\CommonSaasEmail ............... RUNNING
  2025-08-12 12:04:37 Plugin\Saas\Mail\CommonSaasEmail ............... RUNNING
  2025-08-12 12:04:39 Plugin\Saas\Mail\CommonSaasEmail ....... 2,064.82ms DONE
  2025-08-12 12:04:39 Plugin\Saas\Mail\CommonSaasEmail ....... 2,212.34ms DONE
  2025-08-12 12:06:30 Plugin\Saas\Mail\CommonSaasEmail ............... RUNNING
  2025-08-12 12:06:30 Plugin\Saas\Mail\CommonSaasEmail ............... RUNNING
  2025-08-12 12:06:31 Plugin\Saas\Mail\CommonSaasEmail ......... 952.86ms DONE
  2025-08-12 12:06:31 Plugin\Saas\Mail\CommonSaasEmail ....... 1,053.98ms DONE
  2025-08-12 12:10:34 Plugin\Saas\Mail\CommonSaasEmail ............... RUNNING
  2025-08-12 12:10:34 Plugin\Saas\Mail\CommonSaasEmail ............... RUNNING
  2025-08-12 12:10:36 Plugin\Saas\Mail\CommonSaasEmail ....... 2,003.53ms DONE
  2025-08-12 12:10:36 Plugin\Saas\Mail\CommonSaasEmail ....... 1,977.90ms DONE
  2025-08-12 12:10:54 App\Jobs\TenantDatabaseMonitoringJob ........... RUNNING
  2025-08-12 12:10:54 App\Jobs\TenantDatabaseMonitoringJob ..... 104.41ms DONE
  2025-08-13 13:19:40 Plugin\Saas\Mail\CommonSaasEmail ............... RUNNING
  2025-08-13 13:19:43 Plugin\Saas\Mail\CommonSaasEmail ....... 3,181.48ms DONE
  2025-08-13 13:38:31 Plugin\Saas\Mail\CommonSaasEmail ............... RUNNING
  2025-08-13 13:38:34 Plugin\Saas\Mail\CommonSaasEmail ....... 2,825.34ms DONE
  2025-08-13 13:42:04 Plugin\Saas\Mail\CommonSaasEmail ............... RUNNING
  2025-08-13 13:42:05 Plugin\Saas\Mail\CommonSaasEmail ............... RUNNING
  2025-08-13 13:42:06 Plugin\Saas\Mail\CommonSaasEmail ....... 1,896.33ms DONE
  2025-08-13 13:42:06 Plugin\Saas\Mail\CommonSaasEmail ....... 1,703.73ms DONE
  2025-08-13 13:42:24 App\Jobs\TenantDatabaseMonitoringJob ........... RUNNING
  2025-08-13 13:42:24 App\Jobs\TenantDatabaseMonitoringJob ...... 82.07ms DONE
  2025-08-13 14:31:23 Plugin\Saas\Mail\CommonSaasEmail ............... RUNNING
  2025-08-13 14:31:23 Plugin\Saas\Mail\CommonSaasEmail ............... RUNNING
  2025-08-13 14:31:25 Plugin\Saas\Mail\CommonSaasEmail ....... 2,167.10ms DONE
  2025-08-13 14:31:25 Plugin\Saas\Mail\CommonSaasEmail ....... 2,428.72ms DONE
  2025-08-13 14:31:43 App\Jobs\TenantDatabaseMonitoringJob ........... RUNNING
  2025-08-13 14:31:43 App\Jobs\TenantDatabaseMonitoringJob ...... 44.53ms DONE
  2025-08-13 14:36:07 Plugin\Saas\Mail\CommonSaasEmail ............... RUNNING
  2025-08-13 14:36:09 Plugin\Saas\Mail\CommonSaasEmail ....... 2,012.17ms DONE
  2025-08-13 14:37:13 Plugin\Saas\Mail\CommonSaasEmail ............... RUNNING
  2025-08-13 14:37:15 Plugin\Saas\Mail\CommonSaasEmail ............... RUNNING
  2025-08-13 14:37:15 Plugin\Saas\Mail\CommonSaasEmail ....... 2,078.92ms DONE
  2025-08-13 14:37:16 Plugin\Saas\Mail\CommonSaasEmail ......... 769.28ms DONE
  2025-08-13 14:37:30 App\Jobs\TenantDatabaseMonitoringJob ........... RUNNING
  2025-08-13 14:37:30 App\Jobs\TenantDatabaseMonitoringJob ...... 80.45ms DONE
  2025-08-13 14:41:52 Plugin\Saas\Mail\CommonSaasEmail ............... RUNNING
  2025-08-13 14:41:52 Plugin\Saas\Mail\CommonSaasEmail ............... RUNNING
  2025-08-13 14:41:54 Plugin\Saas\Mail\CommonSaasEmail ....... 1,822.41ms DONE
  2025-08-13 14:41:54 Plugin\Saas\Mail\CommonSaasEmail ....... 2,452.16ms DONE
  2025-08-13 14:42:12 App\Jobs\TenantDatabaseMonitoringJob ........... RUNNING
  2025-08-13 14:42:12 App\Jobs\TenantDatabaseMonitoringJob ...... 40.23ms DONE
  2025-08-13 22:33:05 Core\Jobs\SendTenantMailJob .................... RUNNING
  2025-08-13 22:33:05 Core\Jobs\SendTenantMailJob ............... 55.38ms DONE
  2025-08-13 22:33:05 Core\Mail\TenantMail ........................... RUNNING
  2025-08-13 22:33:09 Core\Mail\TenantMail ................... 3,355.57ms DONE
  2025-08-14 00:00:02 Plugin\Saas\Mail\CommonSaasEmail ............... RUNNING
  2025-08-14 00:00:03 Plugin\Saas\Mail\CommonSaasEmail ............... RUNNING
  2025-08-14 00:00:05 Plugin\Saas\Mail\CommonSaasEmail ....... 2,395.23ms DONE
  2025-08-14 00:00:05 Plugin\Saas\Mail\CommonSaasEmail ....... 2,884.43ms DONE

   Illuminate\Database\QueryException 

  SQLSTATE[HY000] [2002] Connection refused (SQL: select * from `tl_plugins` where `is_activated` = 1 and `type` = saas)

  at /var/www/tl-commerce-saas/tlcommercesaas/vendor/laravel/framework/src/Illuminate/Database/Connection.php:760
    756▕         // If an exception occurs when attempting to run a query, we'll format the error
    757▕         // message to include the bindings with SQL, which will make this exception a
    758▕         // lot more helpful to the developer instead of just the database's errors.
    759▕         catch (Exception $e) {
  ➜ 760▕             throw new QueryException(
    761▕                 $query, $this->prepareBindings($bindings), $e
    762▕             );
    763▕         }
    764▕     }

  1   [internal]:0
      Illuminate\Foundation\Application::Illuminate\Foundation\{closure}()

      [2m+22 vendor frames [22m
  24  /var/www/tl-commerce-saas/tlcommercesaas/Core/Helpers/Plugin.php:46
      Illuminate\Database\Eloquent\Builder::get()

   Illuminate\Database\QueryException 

  SQLSTATE[HY000] [2002] Connection refused (SQL: select * from `tl_plugins` where `is_activated` = 1 and `type` = saas)

  at /var/www/tl-commerce-saas/tlcommercesaas/vendor/laravel/framework/src/Illuminate/Database/Connection.php:760
    756▕         // If an exception occurs when attempting to run a query, we'll format the error
    757▕         // message to include the bindings with SQL, which will make this exception a
    758▕         // lot more helpful to the developer instead of just the database's errors.
    759▕         catch (Exception $e) {
  ➜ 760▕             throw new QueryException(
    761▕                 $query, $this->prepareBindings($bindings), $e
    762▕             );
    763▕         }
    764▕     }

  1   [internal]:0
      Illuminate\Foundation\Application::Illuminate\Foundation\{closure}()

      [2m+22 vendor frames [22m
  24  /var/www/tl-commerce-saas/tlcommercesaas/Core/Helpers/Plugin.php:46
      Illuminate\Database\Eloquent\Builder::get()

   Illuminate\Database\QueryException 

  SQLSTATE[HY000] [2002] Connection refused (SQL: select * from `tl_plugins` where `is_activated` = 1 and `type` = saas)

  at /var/www/tl-commerce-saas/tlcommercesaas/vendor/laravel/framework/src/Illuminate/Database/Connection.php:760
    756▕         // If an exception occurs when attempting to run a query, we'll format the error
    757▕         // message to include the bindings with SQL, which will make this exception a
    758▕         // lot more helpful to the developer instead of just the database's errors.
    759▕         catch (Exception $e) {
  ➜ 760▕             throw new QueryException(
    761▕                 $query, $this->prepareBindings($bindings), $e
    762▕             );
    763▕         }
    764▕     }

  1   [internal]:0
      Illuminate\Foundation\Application::Illuminate\Foundation\{closure}()

      [2m+22 vendor frames [22m
  24  /var/www/tl-commerce-saas/tlcommercesaas/Core/Helpers/Plugin.php:46
      Illuminate\Database\Eloquent\Builder::get()

   Illuminate\Database\QueryException 

  SQLSTATE[HY000] [2002] Connection refused (SQL: select * from `tl_plugins` where `is_activated` = 1 and `type` = saas)

  at /var/www/tl-commerce-saas/tlcommercesaas/vendor/laravel/framework/src/Illuminate/Database/Connection.php:760
    756▕         // If an exception occurs when attempting to run a query, we'll format the error
    757▕         // message to include the bindings with SQL, which will make this exception a
    758▕         // lot more helpful to the developer instead of just the database's errors.
    759▕         catch (Exception $e) {
  ➜ 760▕             throw new QueryException(
    761▕                 $query, $this->prepareBindings($bindings), $e
    762▕             );
    763▕         }
    764▕     }

  1   [internal]:0
      Illuminate\Foundation\Application::Illuminate\Foundation\{closure}()

      [2m+22 vendor frames [22m
  24  /var/www/tl-commerce-saas/tlcommercesaas/Core/Helpers/Plugin.php:46
      Illuminate\Database\Eloquent\Builder::get()

   Illuminate\Database\QueryException 

  SQLSTATE[HY000] [2002] Connection refused (SQL: select * from `tl_plugins` where `is_activated` = 1 and `type` = saas)

  at /var/www/tl-commerce-saas/tlcommercesaas/vendor/laravel/framework/src/Illuminate/Database/Connection.php:760
    756▕         // If an exception occurs when attempting to run a query, we'll format the error
    757▕         // message to include the bindings with SQL, which will make this exception a
    758▕         // lot more helpful to the developer instead of just the database's errors.
    759▕         catch (Exception $e) {
  ➜ 760▕             throw new QueryException(
    761▕                 $query, $this->prepareBindings($bindings), $e
    762▕             );
    763▕         }
    764▕     }

  1   [internal]:0
      Illuminate\Foundation\Application::Illuminate\Foundation\{closure}()

      [2m+22 vendor frames [22m
  24  /var/www/tl-commerce-saas/tlcommercesaas/Core/Helpers/Plugin.php:46
      Illuminate\Database\Eloquent\Builder::get()

   Illuminate\Database\QueryException 

  SQLSTATE[HY000] [2002] Connection refused (SQL: select * from `tl_plugins` where `is_activated` = 1 and `type` = saas)

  at /var/www/tl-commerce-saas/tlcommercesaas/vendor/laravel/framework/src/Illuminate/Database/Connection.php:760
    756▕         // If an exception occurs when attempting to run a query, we'll format the error
    757▕         // message to include the bindings with SQL, which will make this exception a
    758▕         // lot more helpful to the developer instead of just the database's errors.
    759▕         catch (Exception $e) {
  ➜ 760▕             throw new QueryException(
    761▕                 $query, $this->prepareBindings($bindings), $e
    762▕             );
    763▕         }
    764▕     }

  1   [internal]:0
      Illuminate\Foundation\Application::Illuminate\Foundation\{closure}()

      [2m+22 vendor frames [22m
  24  /var/www/tl-commerce-saas/tlcommercesaas/Core/Helpers/Plugin.php:46
      Illuminate\Database\Eloquent\Builder::get()

   Illuminate\Database\QueryException 

  SQLSTATE[HY000] [2002] Connection refused (SQL: select * from `tl_plugins` where `is_activated` = 1 and `type` = saas)

  at /var/www/tl-commerce-saas/tlcommercesaas/vendor/laravel/framework/src/Illuminate/Database/Connection.php:760
    756▕         // If an exception occurs when attempting to run a query, we'll format the error
    757▕         // message to include the bindings with SQL, which will make this exception a
    758▕         // lot more helpful to the developer instead of just the database's errors.
    759▕         catch (Exception $e) {
  ➜ 760▕             throw new QueryException(
    761▕                 $query, $this->prepareBindings($bindings), $e
    762▕             );
    763▕         }
    764▕     }

  1   [internal]:0
      Illuminate\Foundation\Application::Illuminate\Foundation\{closure}()

      [2m+22 vendor frames [22m
  24  /var/www/tl-commerce-saas/tlcommercesaas/Core/Helpers/Plugin.php:46
      Illuminate\Database\Eloquent\Builder::get()

   Illuminate\Database\QueryException 

  SQLSTATE[HY000] [2002] Connection refused (SQL: select * from `tl_plugins` where `is_activated` = 1 and `type` = saas)

  at /var/www/tl-commerce-saas/tlcommercesaas/vendor/laravel/framework/src/Illuminate/Database/Connection.php:760
    756▕         // If an exception occurs when attempting to run a query, we'll format the error
    757▕         // message to include the bindings with SQL, which will make this exception a
    758▕         // lot more helpful to the developer instead of just the database's errors.
    759▕         catch (Exception $e) {
  ➜ 760▕             throw new QueryException(
    761▕                 $query, $this->prepareBindings($bindings), $e
    762▕             );
    763▕         }
    764▕     }

  1   [internal]:0
      Illuminate\Foundation\Application::Illuminate\Foundation\{closure}()

      [2m+22 vendor frames [22m
  24  /var/www/tl-commerce-saas/tlcommercesaas/Core/Helpers/Plugin.php:46
      Illuminate\Database\Eloquent\Builder::get()
